theme/manifest-merger-release-report.txt
-- Merging decision tree log ---
manifest
ADDED from AndroidManifest.xml:20:1
	package
		ADDED from AndroidManifest.xml:21:5
		INJECTED from AndroidManifest.xml:0:0
		INJECTED from AndroidManifest.xml:0:0
	android:versionName
		INJECTED from AndroidManifest.xml:0:0
		INJECTED from AndroidManifest.xml:0:0
	xmlns:android
		ADDED from AndroidManifest.xml:20:11
	android:versionCode
		INJECTED from AndroidManifest.xml:0:0
		INJECTED from AndroidManifest.xml:0:0
uses-feature#org.cyanogenmod.theme
ADDED from AndroidManifest.xml:23:5
	android:required
		ADDED from AndroidManifest.xml:23:19
	android:name
		ADDED from AndroidManifest.xml:23:43
uses-sdk
ADDED from AndroidManifest.xml:25:5
	android:targetSdkVersion
		ADDED from AndroidManifest.xml:25:42
		INJECTED from AndroidManifest.xml:0:0
		INJECTED from AndroidManifest.xml:0:0
	android:minSdkVersion
		ADDED from AndroidManifest.xml:25:15
		INJECTED from AndroidManifest.xml:0:0
		INJECTED from AndroidManifest.xml:0:0
meta-data#org.cyanogenmod.theme.name
ADDED from AndroidManifest.xml:27:5
	android:value
		ADDED from AndroidManifest.xml:27:58
	android:name
		ADDED from AndroidManifest.xml:27:16
meta-data#org.cyanogenmod.theme.author
ADDED from AndroidManifest.xml:28:5
	android:value
		ADDED from AndroidManifest.xml:28:60
	android:name
		ADDED from AndroidManifest.xml:28:16
meta-data#org.cyanogenmod.theme.email
ADDED from AndroidManifest.xml:29:5
	android:value
		ADDED from AndroidManifest.xml:29:59
	android:name
		ADDED from AndroidManifest.xml:29:16
application
ADDED from AndroidManifest.xml:31:5
	android:hasCode
		ADDED from AndroidManifest.xml:31:18
	android:label
		ADDED from AndroidManifest.xml:33:9
	android:icon
		ADDED from AndroidManifest.xml:32:9